<?xml version="1.0" encoding="UTF-8"?>
<testExecutions version="1">
  <file path="/Users/seraphinaeschbach/udemy/test/activity_blog/frontend/src/app/pages/activity-list/activity-list.component.spec.ts">
  </file>
</testExecutions>